SmartLiving/build/outputs/logs/manifest-merger-debug-report.txt
-- Merging decision tree log ---
manifest
ADDED from src\main\AndroidManifest.xml:2:1-55:12
	package
		ADDED from src\main\AndroidManifest.xml:3:5-38
		INJECTED from src\main\AndroidManifest.xml
		INJECTED from src\main\AndroidManifest.xml
	android:versionName
		ADDED from src\main\AndroidManifest.xml:5:5-30
		INJECTED from src\main\AndroidManifest.xml
		INJECTED from src\main\AndroidManifest.xml
	android:versionCode
		ADDED from src\main\AndroidManifest.xml:4:5-28
		INJECTED from src\main\AndroidManifest.xml
		INJECTED from src\main\AndroidManifest.xml
	xmlns:android
		ADDED from src\main\AndroidManifest.xml:2:11-69
uses-sdk
ADDED from src\main\AndroidManifest.xml:7:5-9:41
MERGED from [SmartLiving:seekArc_library:unspecified] AndroidManifest.xml:30:5-32:41
MERGED from [SmartLiving:humidity_control:unspecified] AndroidManifest.xml:5:5-7:41
MERGED from [com.android.support:design:25.3.1] AndroidManifest.xml:21:5-23:62
MERGED from [com.android.support:recyclerview-v7:25.3.1] AndroidManifest.xml:20:5-43
MERGED from [com.android.support:transition:25.3.1] AndroidManifest.xml:20:5-44
MERGED from [SmartLiving:power_consumption_report:unspecified] AndroidManifest.xml:5:5-7:41
MERGED from [com.android.support:appcompat-v7:25.3.1] AndroidManifest.xml:21:5-23:78
MERGED from [com.android.support:support-v4:25.3.1] AndroidManifest.xml:21:5-23:54
MERGED from [com.android.support:support-fragment:25.3.1] AndroidManifest.xml:21:5-23:60
MERGED from [com.android.support:support-media-compat:25.3.1] AndroidManifest.xml:21:5-23:63
MERGED from [com.android.support:support-core-ui:25.3.1] AndroidManifest.xml:21:5-23:58
MERGED from [com.android.support:support-core-utils:25.3.1] AndroidManifest.xml:21:5-23:61
MERGED from [com.android.support:animated-vector-drawable:25.3.1] AndroidManifest.xml:20:5-44
MERGED from [com.android.support:support-vector-drawable:25.3.1] AndroidManifest.xml:20:5-43
MERGED from [com.android.support:support-compat:25.3.1] AndroidManifest.xml:21:5-23:58
MERGED from [com.android.support.constraint:constraint-layout:1.0.2] AndroidManifest.xml:5:5-7:41
	tools:overrideLibrary
		ADDED from [com.android.support:design:25.3.1] AndroidManifest.xml:23:9-59
	android:targetSdkVersion
		ADDED from src\main\AndroidManifest.xml:9:9-38
		INJECTED from src\main\AndroidManifest.xml
		INJECTED from src\main\AndroidManifest.xml
	android:minSdkVersion
		ADDED from src\main\AndroidManifest.xml:8:9-35
		INJECTED from src\main\AndroidManifest.xml
		INJECTED from src\main\AndroidManifest.xml
uses-permission#android.permission.WRITE_EXTERNAL_STORAGE
ADDED from src\main\AndroidManifest.xml:11:5-81
MERGED from [SmartLiving:humidity_control:unspecified] AndroidManifest.xml:9:5-81
	android:name
		ADDED from src\main\AndroidManifest.xml:11:22-78
uses-permission#android.permission.READ_PHONE_STATE
ADDED from src\main\AndroidManifest.xml:12:5-75
	android:name
		ADDED from src\main\AndroidManifest.xml:12:22-72
uses-permission#android.permission.READ_EXTERNAL_STORAGE
ADDED from src\main\AndroidManifest.xml:13:5-80
MERGED from [SmartLiving:power_consumption_report:unspecified] AndroidManifest.xml:9:5-80
	android:name
		ADDED from src\main\AndroidManifest.xml:13:22-77
application
ADDED from src\main\AndroidManifest.xml:15:5-53:19
MERGED from [SmartLiving:seekArc_library:unspecified] AndroidManifest.xml:34:5-38:19
MERGED from [SmartLiving:humidity_control:unspecified] AndroidManifest.xml:11:5-40:19
MERGED from [com.android.support:design:25.3.1] AndroidManifest.xml:29:5-20
MERGED from [com.android.support:transition:25.3.1] AndroidManifest.xml:26:5-20
MERGED from [SmartLiving:power_consumption_report:unspecified] AndroidManifest.xml:11:5-27:19
MERGED from [com.android.support:appcompat-v7:25.3.1] AndroidManifest.xml:29:5-20
MERGED from [com.android.support:support-v4:25.3.1] AndroidManifest.xml:29:5-20
MERGED from [com.android.support:support-fragment:25.3.1] AndroidManifest.xml:29:5-20
MERGED from [com.android.support:support-media-compat:25.3.1] AndroidManifest.xml:29:5-20
MERGED from [com.android.support:support-core-ui:25.3.1] AndroidManifest.xml:29:5-20
MERGED from [com.android.support:support-core-utils:25.3.1] AndroidManifest.xml:29:5-20
MERGED from [com.android.support:animated-vector-drawable:25.3.1] AndroidManifest.xml:26:5-20
MERGED from [com.android.support:support-vector-drawable:25.3.1] AndroidManifest.xml:26:5-20
MERGED from [com.android.support:support-compat:25.3.1] AndroidManifest.xml:29:5-20
MERGED from [com.android.support.constraint:constraint-layout:1.0.2] AndroidManifest.xml:9:5-20
	android:label
		ADDED from src\main\AndroidManifest.xml:18:9-41
	android:supportsRtl
		ADDED from [SmartLiving:humidity_control:unspecified] AndroidManifest.xml:13:9-35
	android:allowBackup
		ADDED from src\main\AndroidManifest.xml:16:9-35
	android:icon
		ADDED from src\main\AndroidManifest.xml:17:9-45
	android:persistent
		ADDED from src\main\AndroidManifest.xml:19:9-35
	android:theme
		ADDED from [SmartLiving:humidity_control:unspecified] AndroidManifest.xml:14:9-40
activity#com.example.smartliving.MainActivity
ADDED from src\main\AndroidManifest.xml:20:9-31:20
	android:screenOrientation
		ADDED from src\main\AndroidManifest.xml:23:13-49
	android:label
		ADDED from src\main\AndroidManifest.xml:22:13-45
	android:theme
		ADDED from src\main\AndroidManifest.xml:24:13-45
	android:name
		ADDED from src\main\AndroidManifest.xml:21:13-41
intent-filter#android.intent.action.MAIN+android.intent.category.LAUNCHER
ADDED from src\main\AndroidManifest.xml:25:13-29:29
action#android.intent.action.MAIN
ADDED from src\main\AndroidManifest.xml:26:17-69
	android:name
		ADDED from src\main\AndroidManifest.xml:26:25-66
category#android.intent.category.LAUNCHER
ADDED from src\main\AndroidManifest.xml:28:17-77
	android:name
		ADDED from src\main\AndroidManifest.xml:28:27-74
activity#com.example.smartliving.LightingManagerActivity
ADDED from src\main\AndroidManifest.xml:32:9-37:59
	android:screenOrientation
		ADDED from src\main\AndroidManifest.xml:36:13-50
	android:label
		ADDED from src\main\AndroidManifest.xml:35:13-45
	android:icon
		ADDED from src\main\AndroidManifest.xml:34:13-54
	android:theme
		ADDED from src\main\AndroidManifest.xml:37:13-56
	android:name
		ADDED from src\main\AndroidManifest.xml:33:13-52
activity#com.example.smartliving.RecipeActivity
ADDED from src\main\AndroidManifest.xml:38:9-44:20
	android:label
		ADDED from src\main\AndroidManifest.xml:41:13-43
	android:icon
		ADDED from src\main\AndroidManifest.xml:40:13-49
	android:theme
		ADDED from src\main\AndroidManifest.xml:42:13-47
	android:name
		ADDED from src\main\AndroidManifest.xml:39:13-43
activity#com.example.smartliving.RecipeFullListActivity
ADDED from src\main\AndroidManifest.xml:45:9-51:20
	android:label
		ADDED from src\main\AndroidManifest.xml:48:13-45
	android:icon
		ADDED from src\main\AndroidManifest.xml:47:13-49
	android:theme
		ADDED from src\main\AndroidManifest.xml:49:13-47
	android:name
		ADDED from src\main\AndroidManifest.xml:46:13-51
activity#com.example.william.myapplication.HumidityControlMainActivity
ADDED from [SmartLiving:humidity_control:unspecified] AndroidManifest.xml:15:9-26:20
	android:label
		ADDED from [SmartLiving:humidity_control:unspecified] AndroidManifest.xml:18:13-45
	android:icon
		ADDED from [SmartLiving:humidity_control:unspecified] AndroidManifest.xml:17:13-46
	android:name
		ADDED from [SmartLiving:humidity_control:unspecified] AndroidManifest.xml:16:13-89
activity#com.example.william.myapplication.Pop
ADDED from [SmartLiving:humidity_control:unspecified] AndroidManifest.xml:27:9-29:59
	android:theme
		ADDED from [SmartLiving:humidity_control:unspecified] AndroidManifest.xml:29:13-56
	android:name
		ADDED from [SmartLiving:humidity_control:unspecified] AndroidManifest.xml:28:13-65
receiver#com.example.william.myapplication.NewAppWidget
ADDED from [SmartLiving:humidity_control:unspecified] AndroidManifest.xml:31:9-39:20
	android:name
		ADDED from [SmartLiving:humidity_control:unspecified] AndroidManifest.xml:31:19-80
intent-filter#android.appwidget.action.APPWIDGET_UPDATE
ADDED from [SmartLiving:humidity_control:unspecified] AndroidManifest.xml:32:13-34:29
action#android.appwidget.action.APPWIDGET_UPDATE
ADDED from [SmartLiving:humidity_control:unspecified] AndroidManifest.xml:33:17-84
	android:name
		ADDED from [SmartLiving:humidity_control:unspecified] AndroidManifest.xml:33:25-81
meta-data#android.appwidget.provider
ADDED from [SmartLiving:humidity_control:unspecified] AndroidManifest.xml:36:13-38:63
	android:resource
		ADDED from [SmartLiving:humidity_control:unspecified] AndroidManifest.xml:38:17-60
	android:name
		ADDED from [SmartLiving:humidity_control:unspecified] AndroidManifest.xml:37:17-58
meta-data#android.support.VERSION
ADDED from [com.android.support:design:25.3.1] AndroidManifest.xml:25:5-27:34
MERGED from [com.android.support:recyclerview-v7:25.3.1] AndroidManifest.xml:22:5-24:34
MERGED from [com.android.support:transition:25.3.1] AndroidManifest.xml:22:5-24:34
MERGED from [com.android.support:appcompat-v7:25.3.1] AndroidManifest.xml:25:5-27:34
MERGED from [com.android.support:support-v4:25.3.1] AndroidManifest.xml:25:5-27:34
MERGED from [com.android.support:support-fragment:25.3.1] AndroidManifest.xml:25:5-27:34
MERGED from [com.android.support:support-media-compat:25.3.1] AndroidManifest.xml:25:5-27:34
MERGED from [com.android.support:support-core-ui:25.3.1] AndroidManifest.xml:25:5-27:34
MERGED from [com.android.support:support-core-utils:25.3.1] AndroidManifest.xml:25:5-27:34
MERGED from [com.android.support:animated-vector-drawable:25.3.1] AndroidManifest.xml:22:5-24:34
MERGED from [com.android.support:support-vector-drawable:25.3.1] AndroidManifest.xml:22:5-24:34
MERGED from [com.android.support:support-compat:25.3.1] AndroidManifest.xml:25:5-27:34
	android:value
		ADDED from [com.android.support:design:25.3.1] AndroidManifest.xml:27:9-31
	android:name
		ADDED from [com.android.support:design:25.3.1] AndroidManifest.xml:26:9-47
activity#com.example.william.powerconsumption.ReportMainActivity
ADDED from [SmartLiving:power_consumption_report:unspecified] AndroidManifest.xml:15:9-26:20
	android:label
		ADDED from [SmartLiving:power_consumption_report:unspecified] AndroidManifest.xml:18:13-53
	android:icon
		ADDED from [SmartLiving:power_consumption_report:unspecified] AndroidManifest.xml:17:13-47
	android:name
		ADDED from [SmartLiving:power_consumption_report:unspecified] AndroidManifest.xml:16:13-83